<?xml version="1.0" encoding="UTF-8"?>
<coverage generated="1678482252872" clover="3.2.0">
  <project timestamp="1678482252872" name="All files">
    <metrics statements="8" coveredstatements="8" conditionals="0" coveredconditionals="0" methods="6" coveredmethods="6" elements="14" coveredelements="14" complexity="0" loc="8" ncloc="8" packages="1" files="1" classes="1"/>
    <file name="index.js" path="C:\Users\felpb\Desktop\testes-unitarios-jest-pos\unidade 04\index.js">
      <metrics statements="8" coveredstatements="8" conditionals="0" coveredconditionals="0" methods="6" coveredmethods="6"/>
      <line num="1" count="2" type="stmt"/>
      <line num="3" count="1" type="stmt"/>
      <line num="6" count="1" type="stmt"/>
      <line num="9" count="1" type="stmt"/>
      <line num="12" count="1" type="stmt"/>
      <line num="16" count="2" type="stmt"/>
      <line num="18" count="1" type="stmt"/>
      <line num="21" count="1" type="stmt"/>
    </file>
  </project>
</coverage>
